nohup: ignoring input
For class 03
1000
For class 03
--- nu :  0.1  ---
PR AUC :  0.4020608612899147
ROC_AUC :  0.6960975609756098
--- nu :  0.2  ---
PR AUC :  0.3910089074415409
ROC_AUC :  0.6833536585365855
--- nu :  0.3  ---
PR AUC :  0.38426879458980073
ROC_AUC :  0.6660975609756097
--- nu :  0.4  ---
PR AUC :  0.37840403428383335
ROC_AUC :  0.6559146341463417
--- nu :  0.5  ---
PR AUC :  0.3754872998958478
ROC_AUC :  0.647987804878049
--- nu :  0.6  ---
PR AUC :  0.3724863018444346
ROC_AUC :  0.6417073170731706
--- nu :  0.7  ---
PR AUC :  0.36831299470941975
ROC_AUC :  0.635609756097561
--- nu :  0.8  ---
PR AUC :  0.36572334172834664
ROC_AUC :  0.6294512195121953
--- nu :  0.9  ---
PR AUC :  0.36201565677870656
ROC_AUC :  0.6235365853658535
***************
PR_AUC MAX :  0.4020608612899147
ROC_AUC MAX :  0.6960975609756098
ROC_MAX_NU :  0.1
